C51 COMPILER V9.54   DELAY                                                                 02/14/2026 17:53:53 PAGE 1   


C51 COMPILER V9.54, COMPILATION OF MODULE DELAY
OBJECT MODULE PLACED IN .\Objects\Delay.obj
COMPILER INVOKED BY: E:\Study\Keil5\C51\BIN\C51.EXE Delay.c OPTIMIZE(8,SPEED) BROWSE DEBUG OBJECTEXTEND PRINT(.\Listings
                    -\Delay.lst) TABS(3) OBJECT(.\Objects\Delay.obj)

line level    source

   1          //Delay.c
   2          
   3          #include <STC89C5xRC.H>
   4          #include <INTRINS.H>
   5          
   6          //延时函数
   7          void Delay(unsigned int xms)     //@11.0592MHz
   8          {
   9   1         unsigned char i, j;
  10   1         while(xms){
  11   2            i = 2;
  12   2            j = 199;
  13   2            do
  14   2            {
  15   3               while (--j);
  16   3            } while (--i);
  17   2            xms--;
  18   2         }
  19   1      }


MODULE INFORMATION:   STATIC OVERLAYABLE
   CODE SIZE        =     20    ----
   CONSTANT SIZE    =   ----    ----
   XDATA SIZE       =   ----    ----
   PDATA SIZE       =   ----    ----
   DATA SIZE        =   ----    ----
   IDATA SIZE       =   ----    ----
   BIT SIZE         =   ----    ----
END OF MODULE INFORMATION.


C51 COMPILATION COMPLETE.  0 WARNING(S),  0 ERROR(S)
