C51 COMPILER V9.54   ONEWIRE                                                               03/13/2026 20:33:26 PAGE 1   


C51 COMPILER V9.54, COMPILATION OF MODULE ONEWIRE
OBJECT MODULE PLACED IN .\Objects\OneWire.obj
COMPILER INVOKED BY: E:\Study\Keil5\C51\BIN\C51.EXE OneWire.c OPTIMIZE(8,SPEED) BROWSE DEBUG OBJECTEXTEND PRINT(.\Listin
                    -gs\OneWire.lst) TABS(3) OBJECT(.\Objects\OneWire.obj)

line level    source

   1          //OneWire.c
   2          
   3          #include <STC89C5xRC.H>
   4          
   5          //引脚定义
   6          sbit OneWire_DQ=P3^7;
   7          
   8          /**
   9            * @brief  单总线初始化
  10            * @param  无
  11            * @retval 从机响应位，0为响应，1为未响应
  12            */
  13          unsigned char OneWire_Init(){
  14   1         unsigned char i;
  15   1         unsigned char AckBit;
  16   1         OneWire_DQ=1;
  17   1         OneWire_DQ=0;
  18   1         i = 247;while (--i);//Delay 500us
  19   1         OneWire_DQ=1;
  20   1         i = 32;while (--i);//Delay 70us
  21   1         AckBit=OneWire_DQ;
  22   1         i = 247;while (--i);//Delay 500us
  23   1         return AckBit;
  24   1      }
  25          
  26          /**
  27            * @brief  单总线发送一位
  28            * @param  Bit 要发送的位
  29            * @retval 无
  30            */
  31          void OneWire_SendBit(unsigned char Bit){
  32   1         unsigned char i;
  33   1         OneWire_DQ=0;
  34   1         i = 4;while (--i);//Delay 10us
  35   1         OneWire_DQ=Bit;
  36   1         i = 24;while (--i);//Delay 50us
  37   1         OneWire_DQ=1;
  38   1      }
  39          
  40          /**
  41            * @brief  单总线接收一位
  42            * @param  无
  43            * @retval 读取的位
  44            */
  45          unsigned char OneWire_ReceiveBit(){
  46   1         unsigned char i;
  47   1         unsigned char Bit;
  48   1         OneWire_DQ=0;
  49   1         i = 2;while (--i);//Delay 5us
  50   1         OneWire_DQ=1;
  51   1         i = 2;while (--i);//Delay 5us
  52   1         Bit=OneWire_DQ;
  53   1         i = 24;while (--i);//Delay 50us
  54   1         return Bit;
C51 COMPILER V9.54   ONEWIRE                                                               03/13/2026 20:33:26 PAGE 2   

  55   1      }
  56          
  57          /**
  58            * @brief  单总线发送一个字节
  59            * @param  Byte 要发送的字节
  60            * @retval 无
  61            */
  62          void OneWire_SendByte(unsigned char Byte){
  63   1         unsigned char i;
  64   1         for(i=0;i<8;i++){
  65   2            OneWire_SendBit(Byte&(0x01<<i));
  66   2         }
  67   1      }
  68          
  69          /**
  70            * @brief  单总线接收一个字节
  71            * @param  无
  72            * @retval 接收的一个字节
  73            */
  74          unsigned char OneWire_ReceiveByte(){
  75   1         unsigned char i;
  76   1         unsigned char Byte=0x00;
  77   1         for(i=0;i<8;i++){
  78   2            if(OneWire_ReceiveBit()){(Byte|=0x01<<i);}
  79   2         }
  80   1         return Byte;
  81   1      }


MODULE INFORMATION:   STATIC OVERLAYABLE
   CODE SIZE        =    122    ----
   CONSTANT SIZE    =   ----    ----
   XDATA SIZE       =   ----    ----
   PDATA SIZE       =   ----    ----
   DATA SIZE        =   ----    ----
   IDATA SIZE       =   ----    ----
   BIT SIZE         =   ----    ----
END OF MODULE INFORMATION.


C51 COMPILATION COMPLETE.  0 WARNING(S),  0 ERROR(S)
